#
# A fatal error has been detected by the Java Runtime Environment:
#
#  EXCEPTION_ACCESS_VIOLATION (0xc0000005) at pc=0x00000000578d8f45, pid=5108, tid=7936
#
# JRE version: Java(TM) SE Runtime Environment (8.0_91-b15) (build 1.8.0_91-b15)
# Java VM: Java HotSpot(TM) 64-Bit Server VM (25.91-b15 mixed mode windows-amd64 compressed oops)
# Problematic frame:
# V  [jvm.dll+0x128f45]
#
# Failed to write core dump. Minidumps are not enabled by default on client versions of Windows
#
# If you would like to submit a bug report, please visit:
#   http://bugreport.java.com/bugreport/crash.jsp
#

---------------  T H R E A D  ---------------

Current thread (0x00000000150e8000):  JavaThread "JDWP Transport Listener: dt_socket" daemon [_thread_in_vm, id=7936, stack(0x0000000016b80000,0x0000000016c80000)]

siginfo: ExceptionCode=0xc0000005, reading address 0xffffffffffffffff

Registers:
RAX=0x0000000016c7f301, RBX=0x00000000150e8000, RCX=0x003b656400003b74, RDX=0x0000000000000000
RSP=0x0000000016c7f2e0, RBP=0x003b656400003b74, RSI=0x0000000016c7f3f8, RDI=0x0000000001009cd0
R8 =0x00000000150e8000, R9 =0x0000000000008000, R10=0x0000000000000000, R11=0x0000000016c7f59a
R12=0x0000000000000000, R13=0x00000000150f17c8, R14=0x0000000000000000, R15=0x0000000000000000
RIP=0x00000000578d8f45, EFLAGS=0x0000000000010206

Top of Stack: (sp=0x0000000016c7f2e0)
0x0000000016c7f2e0:   00000000150e8000 00000000150e8000
0x0000000016c7f2f0:   0000000016c7f3a8 0000000057adf32b
0x0000000016c7f300:   00000000150e8000 0000000057afbb8d
0x0000000016c7f310:   0000000000000000 0000000057519155
0x0000000016c7f320:   0000000015106c68 000000005752291e
0x0000000016c7f330:   00000000150e8000 0000000000000000
0x0000000016c7f340:   0000000000000000 0000000000000000
0x0000000016c7f350:   003b656400003b74 0000000057521a15
0x0000000016c7f360:   0000000016c7f3f8 0000000016c7f3d0
0x0000000016c7f370:   0000000000000001 0000000015106c68
0x0000000016c7f380:   003b656400003b74 00000000575053b3
0x0000000016c7f390:   0000000016c7f4c0 0000000000000001
0x0000000016c7f3a0:   0000000000000001 0000000015106c68
0x0000000016c7f3b0:   0000000000000009 0000000000000000
0x0000000016c7f3c0:   0000000000000000 0000000000000000
0x0000000016c7f3d0:   0000000000000001 0000000057505571 

Instructions: (pc=0x00000000578d8f45)
0x00000000578d8f25:   cc cc cc cc cc cc cc cc cc cc cc 48 83 ec 28 48
0x00000000578d8f35:   85 c9 75 07 33 c0 48 83 c4 28 c3 48 89 5c 24 20
0x00000000578d8f45:   48 8b 19 48 85 db 74 20 48 83 fb 37 74 1a 48 8b
0x00000000578d8f55:   13 48 8b cb ff 52 10 84 c0 74 0d 48 8b c3 48 8b 


Register to memory mapping:

RAX=0x0000000016c7f301 is pointing into the stack for thread: 0x00000000150e8000
RBX=0x00000000150e8000 is a thread
RCX=0x003b656400003b74 is an unknown value
RDX=0x0000000000000000 is an unknown value
RSP=0x0000000016c7f2e0 is pointing into the stack for thread: 0x00000000150e8000
RBP=0x003b656400003b74 is an unknown value
RSI=0x0000000016c7f3f8 is pointing into the stack for thread: 0x00000000150e8000
RDI=0x0000000001009cd0 is an unknown value
R8 =0x00000000150e8000 is a thread
R9 =0x0000000000008000 is an unknown value
R10=0x0000000000000000 is an unknown value
R11=0x0000000016c7f59a is pointing into the stack for thread: 0x00000000150e8000
R12=0x0000000000000000 is an unknown value
R13=0x00000000150f17c8 is an unknown value
R14=0x0000000000000000 is an unknown value
R15=0x0000000000000000 is an unknown value


Stack: [0x0000000016b80000,0x0000000016c80000],  sp=0x0000000016c7f2e0,  free space=1020k
Native frames: (J=compiled Java code, j=interpreted, Vv=VM code, C=native code)
V  [jvm.dll+0x128f45]
V  [jvm.dll+0x34bb8d]
C  [jdwp.dll+0x21a15]
C  [jdwp.dll+0x53b3]
C  [jdwp.dll+0x5571]
C  [jdwp.dll+0xf0a8]
C  [jdwp.dll+0x1f2d5]
C  [jdwp.dll+0x1f4aa]
V  [jvm.dll+0x1bbf38]
V  [jvm.dll+0x243ae4]
V  [jvm.dll+0x29a99a]
C  [msvcr100.dll+0x21d9f]
C  [msvcr100.dll+0x21e3b]
C  [KERNEL32.DLL+0x8364]
C  [ntdll.dll+0x670d1]


---------------  P R O C E S S  ---------------

Java Threads: ( => current thread )
  0x00000000170c8000 JavaThread "Service Thread" daemon [_thread_blocked, id=4060, stack(0x0000000017580000,0x0000000017680000)]
  0x0000000017098800 JavaThread "C1 CompilerThread2" daemon [_thread_blocked, id=12412, stack(0x0000000017480000,0x0000000017580000)]
  0x0000000015108800 JavaThread "C2 CompilerThread1" daemon [_thread_blocked, id=6416, stack(0x0000000016f80000,0x0000000017080000)]
  0x0000000015103800 JavaThread "C2 CompilerThread0" daemon [_thread_blocked, id=10412, stack(0x0000000016e80000,0x0000000016f80000)]
  0x00000000150f8800 JavaThread "JDWP Command Reader" daemon [_thread_in_native, id=8200, stack(0x0000000016d80000,0x0000000016e80000)]
  0x00000000150f7000 JavaThread "JDWP Event Helper Thread" daemon [_thread_blocked, id=9876, stack(0x0000000016c80000,0x0000000016d80000)]
=>0x00000000150e8000 JavaThread "JDWP Transport Listener: dt_socket" daemon [_thread_in_vm, id=7936, stack(0x0000000016b80000,0x0000000016c80000)]
  0x00000000150dc000 JavaThread "Attach Listener" daemon [_thread_blocked, id=11860, stack(0x0000000016640000,0x0000000016740000)]
  0x00000000150db000 JavaThread "Signal Dispatcher" daemon [_thread_blocked, id=3224, stack(0x0000000016540000,0x0000000016640000)]
  0x00000000150ca800 JavaThread "Finalizer" daemon [_thread_blocked, id=6428, stack(0x0000000016330000,0x0000000016430000)]
  0x0000000002a02000 JavaThread "Reference Handler" daemon [_thread_blocked, id=13572, stack(0x0000000016230000,0x0000000016330000)]
  0x0000000002912800 JavaThread "main" [_thread_blocked, id=6528, stack(0x00000000027d0000,0x00000000028d0000)]

Other Threads:
  0x00000000150a8800 VMThread [stack: 0x0000000016130000,0x0000000016230000] [id=11868]
  0x00000000170cd000 WatcherThread [stack: 0x0000000017680000,0x0000000017780000] [id=7676]

VM state:not at safepoint (normal execution)

VM Mutex/Monitor currently owned by a thread: None

Heap:
 PSYoungGen      total 18944K, used 1310K [0x00000000eab00000, 0x00000000ec000000, 0x0000000100000000)
  eden space 16384K, 8% used [0x00000000eab00000,0x00000000eac47b60,0x00000000ebb00000)
  from space 2560K, 0% used [0x00000000ebd80000,0x00000000ebd80000,0x00000000ec000000)
  to   space 2560K, 0% used [0x00000000ebb00000,0x00000000ebb00000,0x00000000ebd80000)
 ParOldGen       total 44032K, used 0K [0x00000000c0000000, 0x00000000c2b00000, 0x00000000eab00000)
  object space 44032K, 0% used [0x00000000c0000000,0x00000000c0000000,0x00000000c2b00000)
 Metaspace       used 2886K, capacity 4632K, committed 4864K, reserved 1056768K
  class space    used 315K, capacity 392K, committed 512K, reserved 1048576K

Card table byte_map: [0x0000000011dd0000,0x0000000011fe0000] byte_map_base: 0x00000000117d0000

Marking Bits: (ParMarkBitMap*) 0x0000000057fc2f70
 Begin Bits: [0x0000000012540000, 0x0000000013540000)
 End Bits:   [0x0000000013540000, 0x0000000014540000)

Polling page: 0x0000000000ff0000

CodeCache: size=245760Kb used=1106Kb max_used=1106Kb free=244653Kb
 bounds [0x0000000002a10000, 0x0000000002c80000, 0x0000000011a10000]
 total_blobs=256 nmethods=32 adapters=148
 compilation: enabled

Compilation events (10 events):
Event: 0.429 Thread 0x0000000017098800   28       3       java.util.jar.Attributes$Name::isValid (32 bytes)
Event: 0.430 Thread 0x0000000017098800 nmethod 28 0x0000000002b20f50 code [0x0000000002b210c0, 0x0000000002b21550]
Event: 0.430 Thread 0x0000000017098800   29       3       java.util.jar.Attributes$Name::isAlpha (30 bytes)
Event: 0.430 Thread 0x0000000017098800 nmethod 29 0x0000000002b23e50 code [0x0000000002b23fa0, 0x0000000002b241d0]
Event: 0.431 Thread 0x0000000017098800   30       3       sun.misc.ASCIICaseInsensitiveComparator::toLower (16 bytes)
Event: 0.431 Thread 0x0000000017098800 nmethod 30 0x0000000002b24450 code [0x0000000002b245c0, 0x0000000002b24810]
Event: 0.431 Thread 0x0000000017098800   31       3       sun.misc.ASCIICaseInsensitiveComparator::isUpper (18 bytes)
Event: 0.431 Thread 0x0000000017098800 nmethod 31 0x0000000002b248d0 code [0x0000000002b24a20, 0x0000000002b24bd0]
Event: 0.432 Thread 0x0000000017098800   32       1       java.lang.Object::<init> (1 bytes)
Event: 0.432 Thread 0x0000000017098800 nmethod 32 0x0000000002b24c50 code [0x0000000002b24da0, 0x0000000002b24eb0]

GC Heap History (0 events):
No events

Deoptimization events (0 events):
No events

Internal exceptions (2 events):
Event: 0.093 Thread 0x0000000002912800 Exception <a 'java/lang/NoSuchMethodError': Method sun.misc.Unsafe.defineClass(Ljava/lang/String;[BII)Ljava/lang/Class; name or signature does not match> (0x00000000eab07cc0) thrown at [C:\re\workspace\8-2-build-windows-amd64-cygwin\jdk8u91\7017\hotspot\srñG ã©¹·?
Event: 0.093 Thread 0x0000000002912800 Exception <a 'java/lang/NoSuchMethodError': Method sun.misc.Unsafe.prefetchRead(Ljava/lang/Object;J)V name or signature does not match> (0x00000000eab07fa8) thrown at [C:\re\workspace\8-2-build-windows-amd64-cygwin\jdk8u91\7017\hotspot\src\share\vm\prims\j

Events (10 events):
Event: 5729.236 Executing VM operation: RedefineClasses
Event: 5729.237 Executing VM operation: RedefineClasses done
Event: 5729.244 Executing VM operation: ChangeBreakpoints
Event: 5729.244 Executing VM operation: ChangeBreakpoints done
Event: 5729.253 Executing VM operation: ChangeBreakpoints
Event: 5729.253 Executing VM operation: ChangeBreakpoints done
Event: 5729.263 Executing VM operation: ChangeBreakpoints
Event: 5729.263 Executing VM operation: ChangeBreakpoints done
Event: 6170.945 Executing VM operation: RedefineClasses
Event: 6170.946 Executing VM operation: RedefineClasses done


Dynamic libraries:
0x00007ff707d20000 - 0x00007ff707d57000 	C:\Program Files\Java\jre1.8.0_91\bin\javaw.exe
0x00007ffb772c0000 - 0x00007ffb77491000 	C:\WINDOWS\SYSTEM32\ntdll.dll
0x00007ffb75010000 - 0x00007ffb750bb000 	C:\WINDOWS\System32\KERNEL32.DLL
0x00007ffb73850000 - 0x00007ffb73a6d000 	C:\WINDOWS\System32\KERNELBASE.dll
0x00007ffb74ef0000 - 0x00007ffb74f92000 	C:\WINDOWS\System32\ADVAPI32.dll
0x00007ffb76cd0000 - 0x00007ffb76d6e000 	C:\WINDOWS\System32\msvcrt.dll
0x00007ffb75160000 - 0x00007ffb751b9000 	C:\WINDOWS\System32\sechost.dll
0x00007ffb748c0000 - 0x00007ffb749e1000 	C:\WINDOWS\System32\RPCRT4.dll
0x00007ffb77150000 - 0x00007ffb772b5000 	C:\WINDOWS\System32\USER32.dll
0x00007ffb747c0000 - 0x00007ffb747de000 	C:\WINDOWS\System32\win32u.dll
0x00007ffb74850000 - 0x00007ffb74884000 	C:\WINDOWS\System32\GDI32.dll
0x00007ffb74350000 - 0x00007ffb744d2000 	C:\WINDOWS\System32\gdi32full.dll
0x00007ffb6f9d0000 - 0x00007ffb6fc49000 	C:\WINDOWS\WinSxS\amd64_microsoft.windows.common-controls_6595b64144ccf1df_6.0.14393.447_none_42191651c6827bb3\COMCTL32.dll
0x00007ffb76d80000 - 0x00007ffb77048000 	C:\WINDOWS\System32\combase.dll
0x00007ffb73ac0000 - 0x00007ffb73bb5000 	C:\WINDOWS\System32\ucrtbase.dll
0x00007ffb747e0000 - 0x00007ffb7484a000 	C:\WINDOWS\System32\bcryptPrimitives.dll
0x00007ffb75320000 - 0x00007ffb7534e000 	C:\WINDOWS\System32\IMM32.DLL
0x0000000057540000 - 0x0000000057612000 	C:\Program Files\Java\jre1.8.0_91\bin\msvcr100.dll
0x00000000577b0000 - 0x0000000058043000 	C:\Program Files\Java\jre1.8.0_91\bin\server\jvm.dll
0x00007ffb748b0000 - 0x00007ffb748b8000 	C:\WINDOWS\System32\PSAPI.DLL
0x00007ffb70fe0000 - 0x00007ffb70fe9000 	C:\WINDOWS\SYSTEM32\WSOCK32.dll
0x00007ffb769a0000 - 0x00007ffb76a0a000 	C:\WINDOWS\System32\WS2_32.dll
0x00007ffb71640000 - 0x00007ffb71663000 	C:\WINDOWS\SYSTEM32\WINMM.dll
0x00007ffb6fc50000 - 0x00007ffb6fc5a000 	C:\WINDOWS\SYSTEM32\VERSION.dll
0x00007ffb71610000 - 0x00007ffb7163b000 	C:\WINDOWS\SYSTEM32\WINMMBASE.dll
0x00007ffb73a70000 - 0x00007ffb73ab2000 	C:\WINDOWS\System32\cfgmgr32.dll
0x00000000577a0000 - 0x00000000577af000 	C:\Program Files\Java\jre1.8.0_91\bin\verify.dll
0x0000000057770000 - 0x0000000057799000 	C:\Program Files\Java\jre1.8.0_91\bin\java.dll
0x0000000057500000 - 0x0000000057535000 	C:\Program Files\Java\jre1.8.0_91\bin\jdwp.dll
0x00000000574f0000 - 0x00000000574f8000 	C:\Program Files\Java\jre1.8.0_91\bin\npt.dll
0x0000000057750000 - 0x0000000057766000 	C:\Program Files\Java\jre1.8.0_91\bin\zip.dll
0x00007ffb75490000 - 0x00007ffb76999000 	C:\WINDOWS\System32\SHELL32.dll
0x00007ffb73bc0000 - 0x00007ffb7429a000 	C:\WINDOWS\System32\windows.storage.dll
0x00007ffb73720000 - 0x00007ffb7376c000 	C:\WINDOWS\System32\powrprof.dll
0x00007ffb76a10000 - 0x00007ffb76a62000 	C:\WINDOWS\System32\shlwapi.dll
0x00007ffb73770000 - 0x00007ffb7377f000 	C:\WINDOWS\System32\kernel.appcore.dll
0x00007ffb74710000 - 0x00007ffb747b9000 	C:\WINDOWS\System32\shcore.dll
0x00007ffb73790000 - 0x00007ffb737a4000 	C:\WINDOWS\System32\profapi.dll
0x00000000574e0000 - 0x00000000574e9000 	C:\Program Files\Java\jre1.8.0_91\bin\dt_socket.dll
0x00007ffb65e80000 - 0x00007ffb65e96000 	C:\WINDOWS\system32\napinsp.dll
0x00007ffb65de0000 - 0x00007ffb65dfa000 	C:\WINDOWS\system32\pnrpnsp.dll
0x00007ffb70c00000 - 0x00007ffb70c18000 	C:\WINDOWS\system32\NLAapi.dll
0x00007ffb73050000 - 0x00007ffb730ac000 	C:\WINDOWS\System32\mswsock.dll
0x00007ffb72e20000 - 0x00007ffb72ec0000 	C:\WINDOWS\SYSTEM32\DNSAPI.dll
0x00007ffb749f0000 - 0x00007ffb749f8000 	C:\WINDOWS\System32\NSI.dll
0x00007ffb72de0000 - 0x00007ffb72e18000 	C:\WINDOWS\SYSTEM32\IPHLPAPI.DLL
0x00007ffb65c40000 - 0x00007ffb65c4e000 	C:\WINDOWS\System32\winrnr.dll
0x00007ffb6ac70000 - 0x00007ffb6acda000 	C:\WINDOWS\System32\fwpuclnt.dll
0x00007ffb73300000 - 0x00007ffb7332b000 	C:\WINDOWS\SYSTEM32\bcrypt.dll
0x00007ffb69b10000 - 0x00007ffb69b1a000 	C:\Windows\System32\rasadhlp.dll
0x00007ffb68c30000 - 0x00007ffb68dc2000 	C:\WINDOWS\SYSTEM32\dbghelp.dll

VM Arguments:
jvm_args: -agentlib:jdwp=transport=dt_socket,suspend=y,address=localhost:64993 -Dfile.encoding=Cp1252 
java_command: org.apache.poi.wp.usermodel.Envio
java_class_path (initial): C:\Users\Lautaro\workspace\Alertas Neo\bin;C:\Users\Lautaro\Downloads\poi-bin-3.15-20160924\poi-3.15\poi-3.15.jar;C:\Users\Lautaro\Downloads\poi-bin-3.15-20160924\poi-3.15\poi-ooxml-3.15.jar
Launcher Type: SUN_STANDARD

Environment Variables:
PATH=C:/Program Files/Java/jre1.8.0_91/bin/server;C:/Program Files/Java/jre1.8.0_91/bin;C:/Program Files/Java/jre1.8.0_91/lib/amd64;C:\ProgramData\Oracle\Java\javapath;C:\WINDOWS\system32;C:\WINDOWS;C:\WINDOWS\System32\Wbem;C:\WINDOWS\System32\WindowsPowerShell\v1.0\;C:\Program Files (x86)\QuickTime\QTSystem\;C:\Program Files (x86)\Microsoft SQL Server\100\Tools\Binn\;C:\Program Files (x86)\Microsoft SQL Server\100\DTS\Binn\;E:\Compile\bin;C:\Program Files (x86)\Microsoft SQL Server\Client SDK\ODBC\130\Tools\Binn\;C:\Program Files (x86)\Microsoft SQL Server\130\Tools\Binn\;C:\Program Files (x86)\Microsoft SQL Server\130\DTS\Binn\;C:\Program Files (x86)\Microsoft SQL Server\130\Tools\Binn\ManagementStudio\;C:\Program Files\Microsoft SQL Server\120\Tools\Binn\;C:\Program Files\Microsoft SQL Server\130\Tools\Binn\;C:\Program Files (x86)\Windows Kits\10\Windows Performance Toolkit\;C:\Program Files (x86)\MySQL\MySQL Fabric 1.5 & MySQL Utilities 1.5\;C:\Program Files (x86)\MySQL\MySQL Fabric 1.5 & MySQL Utilities 1.5\Doctrine extensions for PHP\;C:\Program Files (x86)\Skype\Phone\;C:\Program Files\Microsoft SQL Server\Client SDK\ODBC\110\Tools\Binn\;C:\Program Files (x86)\Microsoft SQL Server\120\Tools\Binn\;C:\Program Files\Microsoft SQL Server\120\DTS\Binn\;C:\Program Files (x86)\Microsoft SQL Server\120\Tools\Binn\ManagementStudio\;C:\Program Files (x86)\Microsoft SQL Server\120\DTS\Binn\;C:\Users\Lautaro\AppData\Local\Microsoft\WindowsApps;;E:\Programas\eclipse;
USERNAME=Lautaro
OS=Windows_NT
PROCESSOR_IDENTIFIER=Intel64 Family 6 Model 23 Stepping 10, GenuineIntel



---------------  S Y S T E M  ---------------

OS: Windows 10.0 , 64 bit Build 14393 (10.0.14393.0)

CPU:total 4 (4 cores per cpu, 1 threads per core) family 6 model 23 stepping 10, cmov, cx8, fxsr, mmx, sse, sse2, sse3, ssse3, sse4.1, tsc

Memory: 4k page, physical 4192756k(844044k free), swap 8757500k(2080224k free)

vm_info: Java HotSpot(TM) 64-Bit Server VM (25.91-b15) for windows-amd64 JRE (1.8.0_91-b15), built on May 20 2016 17:43:15 by "java_re" with MS VC++ 10.0 (VS2010)

time: Tue Jan 31 18:39:25 2017
elapsed time: 6171 seconds (0d 1h 42m 51s)

